# JRE version: OpenJDK Runtime Environment Temurin-21.0.6+7 (21.0.6+7) (build 21.0.6+7-LTS)
# Java VM: OpenJDK 64-Bit Server VM Temurin-21.0.6+7 (21.0.6+7-LTS, mixed mode, sharing, tiered, compressed oops, compressed class ptrs, parallel gc, windows-amd64)
GC Precious Log:
 CardTable entry size: 512
 CPUs: 20 total, 20 available
 Memory: 16068M
 Large Page Support: Disabled
 NUMA Support: Disabled
 Compressed Oops: Enabled (32-bit)
 Alignments: Space 512K, Generation 512K, Heap 2M
 Heap Min Capacity: 100M
 Heap Initial Capacity: 100M
 Heap Max Capacity: 1G
 Pre-touch: Disabled
 Parallel Workers: 15
Heap:
 PSYoungGen      total 59904K, used 49302K [0x00000000eab00000, 0x00000000f2c00000, 0x0000000100000000)
  eden space 30720K, 65% used [0x00000000eab00000,0x00000000ebea8df8,0x00000000ec900000)
  from space 29184K, 99% used [0x00000000eca00000,0x00000000ee67cdc8,0x00000000ee680000)
  to   space 50688K, 0% used [0x00000000efa80000,0x00000000efa80000,0x00000000f2c00000)
 ParOldGen       total 307712K, used 307667K [0x00000000c0000000, 0x00000000d2c80000, 0x00000000eab00000)
  object space 307712K, 99% used [0x00000000c0000000,0x00000000d2c74ea0,0x00000000d2c80000)
 Metaspace       used 53853K, committed 55104K, reserved 1114112K
  class space    used 5695K, committed 6272K, reserved 1048576K
GC Heap History (20 events):
Event: 23.588 GC heap before
{Heap before GC invocations=201 (full 3):
 PSYoungGen      total 30208K, used 30187K [0x00000000eab00000, 0x00000000eda00000, 0x0000000100000000)
  eden space 19456K, 100% used [0x00000000eab00000,0x00000000ebe00000,0x00000000ebe00000)
  from space 10752K, 99% used [0x00000000ebe00000,0x00000000ec87af48,0x00000000ec880000)
  to   space 14336K, 0% used [0x00000000ecc00000,0x00000000ecc00000,0x00000000eda00000)
 ParOldGen       total 238592K, used 238427K [0x00000000c0000000, 0x00000000ce900000, 0x00000000eab00000)
  object space 238592K, 99% used [0x00000000c0000000,0x00000000ce8d6c30,0x00000000ce900000)
 Metaspace       used 53819K, committed 55104K, reserved 1114112K
  class space    used 5694K, committed 6272K, reserved 1048576K
}
Event: 23.593 GC heap after
{Heap after GC invocations=201 (full 3):
 PSYoungGen      total 32256K, used 11441K [0x00000000eab00000, 0x00000000ed780000, 0x0000000100000000)
  eden space 20480K, 0% used [0x00000000eab00000,0x00000000eab00000,0x00000000ebf00000)
  from space 11776K, 97% used [0x00000000ecc00000,0x00000000ed72c4d0,0x00000000ed780000)
  to   space 12288K, 0% used [0x00000000ebf80000,0x00000000ebf80000,0x00000000ecb80000)
 ParOldGen       total 242688K, used 242279K [0x00000000c0000000, 0x00000000ced00000, 0x00000000eab00000)
  object space 242688K, 99% used [0x00000000c0000000,0x00000000cec99f58,0x00000000ced00000)
 Metaspace       used 53819K, committed 55104K, reserved 1114112K
  class space    used 5694K, committed 6272K, reserved 1048576K
}
Event: 23.731 GC heap before
{Heap before GC invocations=202 (full 3):
 PSYoungGen      total 32256K, used 31921K [0x00000000eab00000, 0x00000000ed780000, 0x0000000100000000)
  eden space 20480K, 100% used [0x00000000eab00000,0x00000000ebf00000,0x00000000ebf00000)
  from space 11776K, 97% used [0x00000000ecc00000,0x00000000ed72c4d0,0x00000000ed780000)
  to   space 12288K, 0% used [0x00000000ebf80000,0x00000000ebf80000,0x00000000ecb80000)
 ParOldGen       total 242688K, used 242279K [0x00000000c0000000, 0x00000000ced00000, 0x00000000eab00000)
  object space 242688K, 99% used [0x00000000c0000000,0x00000000cec99f58,0x00000000ced00000)
 Metaspace       used 53819K, committed 55104K, reserved 1114112K
  class space    used 5694K, committed 6272K, reserved 1048576K
}
Event: 23.736 GC heap after
{Heap after GC invocations=202 (full 3):
 PSYoungGen      total 33280K, used 12279K [0x00000000eab00000, 0x00000000ee000000, 0x0000000100000000)
  eden space 20992K, 0% used [0x00000000eab00000,0x00000000eab00000,0x00000000ebf80000)
  from space 12288K, 99% used [0x00000000ebf80000,0x00000000ecb7deb8,0x00000000ecb80000)
  to   space 16384K, 0% used [0x00000000ed000000,0x00000000ed000000,0x00000000ee000000)
 ParOldGen       total 245760K, used 245639K [0x00000000c0000000, 0x00000000cf000000, 0x00000000eab00000)
  object space 245760K, 99% used [0x00000000c0000000,0x00000000cefe1d50,0x00000000cf000000)
 Metaspace       used 53819K, committed 55104K, reserved 1114112K
  class space    used 5694K, committed 6272K, reserved 1048576K
}
Event: 23.839 GC heap before
{Heap before GC invocations=203 (full 3):
 PSYoungGen      total 33280K, used 33271K [0x00000000eab00000, 0x00000000ee000000, 0x0000000100000000)
  eden space 20992K, 100% used [0x00000000eab00000,0x00000000ebf80000,0x00000000ebf80000)
  from space 12288K, 99% used [0x00000000ebf80000,0x00000000ecb7deb8,0x00000000ecb80000)
  to   space 16384K, 0% used [0x00000000ed000000,0x00000000ed000000,0x00000000ee000000)
 ParOldGen       total 245760K, used 245639K [0x00000000c0000000, 0x00000000cf000000, 0x00000000eab00000)
  object space 245760K, 99% used [0x00000000c0000000,0x00000000cefe1d50,0x00000000cf000000)
 Metaspace       used 53819K, committed 55104K, reserved 1114112K
  class space    used 5694K, committed 6272K, reserved 1048576K
}
Event: 23.846 GC heap after
{Heap after GC invocations=203 (full 3):
 PSYoungGen      total 34304K, used 12256K [0x00000000eab00000, 0x00000000edc00000, 0x0000000100000000)
  eden space 22016K, 0% used [0x00000000eab00000,0x00000000eab00000,0x00000000ec080000)
  from space 12288K, 99% used [0x00000000ed000000,0x00000000edbf8118,0x00000000edc00000)
  to   space 13824K, 0% used [0x00000000ec100000,0x00000000ec100000,0x00000000ece80000)
 ParOldGen       total 250880K, used 250789K [0x00000000c0000000, 0x00000000cf500000, 0x00000000eab00000)
  object space 250880K, 99% used [0x00000000c0000000,0x00000000cf4e9560,0x00000000cf500000)
 Metaspace       used 53819K, committed 55104K, reserved 1114112K
  class space    used 5694K, committed 6272K, reserved 1048576K
}
Event: 23.939 GC heap before
{Heap before GC invocations=204 (full 3):
 PSYoungGen      total 34304K, used 34272K [0x00000000eab00000, 0x00000000edc00000, 0x0000000100000000)
  eden space 22016K, 100% used [0x00000000eab00000,0x00000000ec080000,0x00000000ec080000)
  from space 12288K, 99% used [0x00000000ed000000,0x00000000edbf8118,0x00000000edc00000)
  to   space 13824K, 0% used [0x00000000ec100000,0x00000000ec100000,0x00000000ece80000)
 ParOldGen       total 250880K, used 250789K [0x00000000c0000000, 0x00000000cf500000, 0x00000000eab00000)
  object space 250880K, 99% used [0x00000000c0000000,0x00000000cf4e9560,0x00000000cf500000)
 Metaspace       used 53819K, committed 55104K, reserved 1114112K
  class space    used 5694K, committed 6272K, reserved 1048576K
}
Event: 23.947 GC heap after
{Heap after GC invocations=204 (full 3):
 PSYoungGen      total 36352K, used 13817K [0x00000000eab00000, 0x00000000ee700000, 0x0000000100000000)
  eden space 22528K, 0% used [0x00000000eab00000,0x00000000eab00000,0x00000000ec100000)
  from space 13824K, 99% used [0x00000000ec100000,0x00000000ece7e580,0x00000000ece80000)
  to   space 18944K, 0% used [0x00000000ed480000,0x00000000ed480000,0x00000000ee700000)
 ParOldGen       total 254976K, used 254665K [0x00000000c0000000, 0x00000000cf900000, 0x00000000eab00000)
  object space 254976K, 99% used [0x00000000c0000000,0x00000000cf8b25b0,0x00000000cf900000)
 Metaspace       used 53819K, committed 55104K, reserved 1114112K
  class space    used 5694K, committed 6272K, reserved 1048576K
}
Event: 24.033 GC heap before
{Heap before GC invocations=205 (full 3):
 PSYoungGen      total 36352K, used 36341K [0x00000000eab00000, 0x00000000ee700000, 0x0000000100000000)
  eden space 22528K, 99% used [0x00000000eab00000,0x00000000ec0ff0d8,0x00000000ec100000)
  from space 13824K, 99% used [0x00000000ec100000,0x00000000ece7e580,0x00000000ece80000)
  to   space 18944K, 0% used [0x00000000ed480000,0x00000000ed480000,0x00000000ee700000)
 ParOldGen       total 254976K, used 254665K [0x00000000c0000000, 0x00000000cf900000, 0x00000000eab00000)
  object space 254976K, 99% used [0x00000000c0000000,0x00000000cf8b25b0,0x00000000cf900000)
 Metaspace       used 53819K, committed 55104K, reserved 1114112K
  class space    used 5694K, committed 6272K, reserved 1048576K
}
Event: 24.043 GC heap after
{Heap after GC invocations=205 (full 3):
 PSYoungGen      total 39424K, used 15121K [0x00000000eab00000, 0x00000000ee380000, 0x0000000100000000)
  eden space 24064K, 0% used [0x00000000eab00000,0x00000000eab00000,0x00000000ec280000)
  from space 15360K, 98% used [0x00000000ed480000,0x00000000ee344688,0x00000000ee380000)
  to   space 16384K, 0% used [0x00000000ec380000,0x00000000ec380000,0x00000000ed380000)
 ParOldGen       total 260096K, used 259919K [0x00000000c0000000, 0x00000000cfe00000, 0x00000000eab00000)
  object space 260096K, 99% used [0x00000000c0000000,0x00000000cfdd3f60,0x00000000cfe00000)
 Metaspace       used 53819K, committed 55104K, reserved 1114112K
  class space    used 5694K, committed 6272K, reserved 1048576K
}
Event: 24.130 GC heap before
{Heap before GC invocations=206 (full 3):
 PSYoungGen      total 39424K, used 39185K [0x00000000eab00000, 0x00000000ee380000, 0x0000000100000000)
  eden space 24064K, 100% used [0x00000000eab00000,0x00000000ec280000,0x00000000ec280000)
  from space 15360K, 98% used [0x00000000ed480000,0x00000000ee344688,0x00000000ee380000)
  to   space 16384K, 0% used [0x00000000ec380000,0x00000000ec380000,0x00000000ed380000)
 ParOldGen       total 260096K, used 259919K [0x00000000c0000000, 0x00000000cfe00000, 0x00000000eab00000)
  object space 260096K, 99% used [0x00000000c0000000,0x00000000cfdd3f60,0x00000000cfe00000)
 Metaspace       used 53819K, committed 55104K, reserved 1114112K
  class space    used 5694K, committed 6272K, reserved 1048576K
}
Event: 24.139 GC heap after
{Heap after GC invocations=206 (full 3):
 PSYoungGen      total 41472K, used 16383K [0x00000000eab00000, 0x00000000ef400000, 0x0000000100000000)
  eden space 25088K, 0% used [0x00000000eab00000,0x00000000eab00000,0x00000000ec380000)
  from space 16384K, 99% used [0x00000000ec380000,0x00000000ed37ff28,0x00000000ed380000)
  to   space 24576K, 0% used [0x00000000edc00000,0x00000000edc00000,0x00000000ef400000)
 ParOldGen       total 266752K, used 266287K [0x00000000c0000000, 0x00000000d0480000, 0x00000000eab00000)
  object space 266752K, 99% used [0x00000000c0000000,0x00000000d040bde0,0x00000000d0480000)
 Metaspace       used 53819K, committed 55104K, reserved 1114112K
  class space    used 5694K, committed 6272K, reserved 1048576K
}
Event: 24.216 GC heap before
{Heap before GC invocations=207 (full 3):
 PSYoungGen      total 41472K, used 41471K [0x00000000eab00000, 0x00000000ef400000, 0x0000000100000000)
  eden space 25088K, 100% used [0x00000000eab00000,0x00000000ec380000,0x00000000ec380000)
  from space 16384K, 99% used [0x00000000ec380000,0x00000000ed37ff28,0x00000000ed380000)
  to   space 24576K, 0% used [0x00000000edc00000,0x00000000edc00000,0x00000000ef400000)
 ParOldGen       total 266752K, used 266287K [0x00000000c0000000, 0x00000000d0480000, 0x00000000eab00000)
  object space 266752K, 99% used [0x00000000c0000000,0x00000000d040bde0,0x00000000d0480000)
 Metaspace       used 53819K, committed 55104K, reserved 1114112K
  class space    used 5694K, committed 6272K, reserved 1048576K
}
Event: 24.225 GC heap after
{Heap after GC invocations=207 (full 3):
 PSYoungGen      total 47616K, used 20236K [0x00000000eab00000, 0x00000000ef000000, 0x0000000100000000)
  eden space 27136K, 0% used [0x00000000eab00000,0x00000000eab00000,0x00000000ec580000)
  from space 20480K, 98% used [0x00000000edc00000,0x00000000eefc3378,0x00000000ef000000)
  to   space 21504K, 0% used [0x00000000ec600000,0x00000000ec600000,0x00000000edb00000)
 ParOldGen       total 272896K, used 272598K [0x00000000c0000000, 0x00000000d0a80000, 0x00000000eab00000)
  object space 272896K, 99% used [0x00000000c0000000,0x00000000d0a358f8,0x00000000d0a80000)
 Metaspace       used 53819K, committed 55104K, reserved 1114112K
  class space    used 5694K, committed 6272K, reserved 1048576K
}
Event: 24.284 GC heap before
{Heap before GC invocations=208 (full 3):
 PSYoungGen      total 47616K, used 47372K [0x00000000eab00000, 0x00000000ef000000, 0x0000000100000000)
  eden space 27136K, 100% used [0x00000000eab00000,0x00000000ec580000,0x00000000ec580000)
  from space 20480K, 98% used [0x00000000edc00000,0x00000000eefc3378,0x00000000ef000000)
  to   space 21504K, 0% used [0x00000000ec600000,0x00000000ec600000,0x00000000edb00000)
 ParOldGen       total 272896K, used 272598K [0x00000000c0000000, 0x00000000d0a80000, 0x00000000eab00000)
  object space 272896K, 99% used [0x00000000c0000000,0x00000000d0a358f8,0x00000000d0a80000)
 Metaspace       used 53819K, committed 55104K, reserved 1114112K
  class space    used 5694K, committed 6272K, reserved 1048576K
}
Event: 24.290 GC heap after
{Heap after GC invocations=208 (full 3):
 PSYoungGen      total 49152K, used 21499K [0x00000000eab00000, 0x00000000f0680000, 0x0000000100000000)
  eden space 27648K, 0% used [0x00000000eab00000,0x00000000eab00000,0x00000000ec600000)
  from space 21504K, 99% used [0x00000000ec600000,0x00000000edafedb8,0x00000000edb00000)
  to   space 32256K, 0% used [0x00000000ee700000,0x00000000ee700000,0x00000000f0680000)
 ParOldGen       total 281600K, used 281439K [0x00000000c0000000, 0x00000000d1300000, 0x00000000eab00000)
  object space 281600K, 99% used [0x00000000c0000000,0x00000000d12d7e00,0x00000000d1300000)
 Metaspace       used 53819K, committed 55104K, reserved 1114112K
  class space    used 5694K, committed 6272K, reserved 1048576K
}
Event: 25.023 GC heap before
{Heap before GC invocations=209 (full 3):
 PSYoungGen      total 49152K, used 49146K [0x00000000eab00000, 0x00000000f0680000, 0x0000000100000000)
  eden space 27648K, 99% used [0x00000000eab00000,0x00000000ec5ffb58,0x00000000ec600000)
  from space 21504K, 99% used [0x00000000ec600000,0x00000000edafedb8,0x00000000edb00000)
  to   space 32256K, 0% used [0x00000000ee700000,0x00000000ee700000,0x00000000f0680000)
 ParOldGen       total 281600K, used 281439K [0x00000000c0000000, 0x00000000d1300000, 0x00000000eab00000)
  object space 281600K, 99% used [0x00000000c0000000,0x00000000d12d7e00,0x00000000d1300000)
 Metaspace       used 53830K, committed 55104K, reserved 1114112K
  class space    used 5695K, committed 6272K, reserved 1048576K
}
Event: 25.036 GC heap after
{Heap after GC invocations=209 (full 3):
 PSYoungGen      total 57856K, used 28406K [0x00000000eab00000, 0x00000000f0300000, 0x0000000100000000)
  eden space 29184K, 0% used [0x00000000eab00000,0x00000000eab00000,0x00000000ec780000)
  from space 28672K, 99% used [0x00000000ee700000,0x00000000f02bda50,0x00000000f0300000)
  to   space 29184K, 0% used [0x00000000eca00000,0x00000000eca00000,0x00000000ee680000)
 ParOldGen       total 289792K, used 289626K [0x00000000c0000000, 0x00000000d1b00000, 0x00000000eab00000)
  object space 289792K, 99% used [0x00000000c0000000,0x00000000d1ad6910,0x00000000d1b00000)
 Metaspace       used 53830K, committed 55104K, reserved 1114112K
  class space    used 5695K, committed 6272K, reserved 1048576K
}
Event: 25.824 GC heap before
{Heap before GC invocations=210 (full 3):
 PSYoungGen      total 57856K, used 57590K [0x00000000eab00000, 0x00000000f0300000, 0x0000000100000000)
  eden space 29184K, 100% used [0x00000000eab00000,0x00000000ec780000,0x00000000ec780000)
  from space 28672K, 99% used [0x00000000ee700000,0x00000000f02bda50,0x00000000f0300000)
  to   space 29184K, 0% used [0x00000000eca00000,0x00000000eca00000,0x00000000ee680000)
 ParOldGen       total 289792K, used 289626K [0x00000000c0000000, 0x00000000d1b00000, 0x00000000eab00000)
  object space 289792K, 99% used [0x00000000c0000000,0x00000000d1ad6910,0x00000000d1b00000)
 Metaspace       used 53830K, committed 55104K, reserved 1114112K
  class space    used 5695K, committed 6272K, reserved 1048576K
}
Event: 25.843 GC heap after
{Heap after GC invocations=210 (full 3):
 PSYoungGen      total 59904K, used 29171K [0x00000000eab00000, 0x00000000f2c00000, 0x0000000100000000)
  eden space 30720K, 0% used [0x00000000eab00000,0x00000000eab00000,0x00000000ec900000)
  from space 29184K, 99% used [0x00000000eca00000,0x00000000ee67cdc8,0x00000000ee680000)
  to   space 50688K, 0% used [0x00000000efa80000,0x00000000efa80000,0x00000000f2c00000)
 ParOldGen       total 307712K, used 307667K [0x00000000c0000000, 0x00000000d2c80000, 0x00000000eab00000)
  object space 307712K, 99% used [0x00000000c0000000,0x00000000d2c74ea0,0x00000000d2c80000)
 Metaspace       used 53830K, committed 55104K, reserved 1114112K
  class space    used 5695K, committed 6272K, reserved 1048576K
}

